Project_phase2/phase2_feature/src_app/app/build/intermediates/manifest_merge_blame_file/debug/manifest-merger-blame-debug-report.txt
1<?xml version="1.0" encoding="utf-8"?>
2<manifest xmlns:android="http://schemas.android.com/apk/res/android"
3    package="com.example.cscb07_app"
4    android:versionCode="1"
5    android:versionName="1.0" >
6
7    <uses-sdk
8        android:minSdkVersion="25"
8-->src/main/AndroidManifest.xml
9        android:targetSdkVersion="29" />
9-->src/main/AndroidManifest.xml
10
11    <application
11-->src/main/AndroidManifest.xml:5:5-20:19
12        android:allowBackup="true"
12-->src/main/AndroidManifest.xml:6:9-35
13        android:appComponentFactory="androidx.core.app.CoreComponentFactory"
13-->[androidx.core:core:1.0.1] AndroidManifest.xml:22:18-86
14        android:debuggable="true"
15        android:icon="@mipmap/ic_launcher"
15-->src/main/AndroidManifest.xml:7:9-43
16        android:label="@string/app_name"
16-->src/main/AndroidManifest.xml:8:9-41
17        android:roundIcon="@mipmap/ic_launcher_round"
17-->src/main/AndroidManifest.xml:9:9-54
18        android:supportsRtl="true"
18-->src/main/AndroidManifest.xml:10:9-35
19        android:theme="@style/AppTheme" >
19-->src/main/AndroidManifest.xml:11:9-40
20        <activity android:name="com.example.cscb07_app.EmployeeMakeAccount" />
20-->src/main/AndroidManifest.xml:12:9-66
20-->src/main/AndroidManifest.xml:12:19-54
21        <activity android:name="com.example.cscb07_app.EmployeeRestockInventory" />
21-->src/main/AndroidManifest.xml:13:9-62
21-->src/main/AndroidManifest.xml:13:19-59
22        <activity android:name="com.example.cscb07_app.EmployeeMakeCustomer" />
22-->src/main/AndroidManifest.xml:14:9-58
22-->src/main/AndroidManifest.xml:14:19-55
23        <activity android:name="com.example.cscb07_app.EmployeeMakeUser" />
23-->src/main/AndroidManifest.xml:15:9-54
23-->src/main/AndroidManifest.xml:15:19-51
24        <activity android:name="com.example.cscb07_app.employee_authenticate" />
24-->src/main/AndroidManifest.xml:16:9-59
24-->src/main/AndroidManifest.xml:16:19-56
25        <activity android:name="com.example.cscb07_app.EmployeeMenu" />
25-->src/main/AndroidManifest.xml:17:9-50
25-->src/main/AndroidManifest.xml:17:19-47
26        <activity android:name="com.example.cscb07_app.Admin" />
26-->src/main/AndroidManifest.xml:18:9-43
26-->src/main/AndroidManifest.xml:18:19-40
27        <activity android:name="com.example.cscb07_app.LoginMenu" />
27-->src/main/AndroidManifest.xml:19:9-47
27-->src/main/AndroidManifest.xml:19:19-44
28    </application>
29
30</manifest>